\BOOKMARK [0][-]{chapter.1}{Introduction}{}% 1
\BOOKMARK [0][-]{chapter.2}{Component Composition}{}% 2
\BOOKMARK [1][-]{section.2.1}{Chain of Components}{chapter.2}% 3
\BOOKMARK [1][-]{section.2.2}{Service Request Delegation}{chapter.2}% 4
\BOOKMARK [1][-]{section.2.3}{Handling Service Requests}{chapter.2}% 5
\BOOKMARK [1][-]{section.2.4}{Generic Data Container}{chapter.2}% 6
\BOOKMARK [2][-]{subsection.2.4.1}{Attributes}{section.2.4}% 7
\BOOKMARK [2][-]{subsection.2.4.2}{Query}{section.2.4}% 8
\BOOKMARK [2][-]{subsection.2.4.3}{ResultContainer}{section.2.4}% 9
\BOOKMARK [1][-]{section.2.5}{Error Handling}{chapter.2}% 10
\BOOKMARK [0][-]{chapter.3}{Specific Services}{}% 11
\BOOKMARK [1][-]{section.3.1}{bfh-webservice}{chapter.3}% 12
\BOOKMARK [1][-]{section.3.2}{The Persistence Service}{chapter.3}% 13
\BOOKMARK [2][-]{subsection.3.2.1}{Storing the message}{section.3.2}% 14
\BOOKMARK [2][-]{subsection.3.2.2}{Storing the attributes}{section.3.2}% 15
\BOOKMARK [2][-]{subsection.3.2.3}{Querying a post}{section.3.2}% 16
\BOOKMARK [0][-]{chapter.4}{Distributed Bulletin Board}{}% 17
\BOOKMARK [1][-]{section.4.1}{BFT Client Component}{chapter.4}% 18
\BOOKMARK [1][-]{section.4.2}{BFT Replica Component}{chapter.4}% 19
\BOOKMARK [1][-]{section.4.3}{Deployment View of the Replicated Board}{chapter.4}% 20
\BOOKMARK [0][-]{chapter.5}{Implementation Hints}{}% 21
\BOOKMARK [1][-]{section.5.1}{Namespaces, Names}{chapter.5}% 22
\BOOKMARK [1][-]{section.5.2}{Access to the Downstream Component}{chapter.5}% 23
\BOOKMARK [1][-]{section.5.3}{Skeleton for a Concrete Component}{chapter.5}% 24
\BOOKMARK [1][-]{section.5.4}{A Simple Scheme for Data Containers}{chapter.5}% 25
